Classic Timing Analyzer report for main
Fri Jul 22 18:11:11 2022
Quartus II Version 9.0 Build 132 02/25/2009 SJ Web Edition


---------------------
; Table of Contents ;
---------------------
  1. Legal Notice
  2. Timing Analyzer Summary
  3. Timing Analyzer Settings
  4. Parallel Compilation
  5. tpd
  6. Timing Analyzer Messages



----------------
; Legal Notice ;
----------------
Copyright (C) 1991-2009 Altera Corporation
Your use of Altera Corporation's design tools, logic functions 
and other software and tools, and its AMPP partner logic 
functions, and any output files from any of the foregoing 
(including device programming or simulation files), and any 
associated documentation or information are expressly subject 
to the terms and conditions of the Altera Program License 
Subscription Agreement, Altera MegaCore Function License 
Agreement, or other applicable license agreement, including, 
without limitation, that your use is for the sole purpose of 
programming logic devices manufactured by Altera and sold by 
Altera or its authorized distributors.  Please refer to the 
applicable agreement for further details.



+----------------------------------------------------------------------------------------------------------------------------------+
; Timing Analyzer Summary                                                                                                          ;
+------------------------------+-------+---------------+-------------+------+---------------+------------+----------+--------------+
; Type                         ; Slack ; Required Time ; Actual Time ; From ; To            ; From Clock ; To Clock ; Failed Paths ;
+------------------------------+-------+---------------+-------------+------+---------------+------------+----------+--------------+
; Worst-case tpd               ; N/A   ; None          ; 10.069 ns   ; A2   ; isDivisible11 ; --         ; --       ; 0            ;
; Total number of failed paths ;       ;               ;             ;      ;               ;            ;          ; 0            ;
+------------------------------+-------+---------------+-------------+------+---------------+------------+----------+--------------+


+--------------------------------------------------------------------------------------------------------------------+
; Timing Analyzer Settings                                                                                           ;
+---------------------------------------------------------------------+--------------------+------+----+-------------+
; Option                                                              ; Setting            ; From ; To ; Entity Name ;
+---------------------------------------------------------------------+--------------------+------+----+-------------+
; Device Name                                                         ; EP2S15F484C3       ;      ;    ;             ;
; Timing Models                                                       ; Final              ;      ;    ;             ;
; Default hold multicycle                                             ; Same as Multicycle ;      ;    ;             ;
; Cut paths between unrelated clock domains                           ; On                 ;      ;    ;             ;
; Cut off read during write signal paths                              ; On                 ;      ;    ;             ;
; Cut off feedback from I/O pins                                      ; On                 ;      ;    ;             ;
; Report Combined Fast/Slow Timing                                    ; Off                ;      ;    ;             ;
; Ignore Clock Settings                                               ; Off                ;      ;    ;             ;
; Analyze latches as synchronous elements                             ; On                 ;      ;    ;             ;
; Enable Recovery/Removal analysis                                    ; Off                ;      ;    ;             ;
; Enable Clock Latency                                                ; Off                ;      ;    ;             ;
; Use TimeQuest Timing Analyzer                                       ; Off                ;      ;    ;             ;
; Number of source nodes to report per destination node               ; 10                 ;      ;    ;             ;
; Number of destination nodes to report                               ; 10                 ;      ;    ;             ;
; Number of paths to report                                           ; 200                ;      ;    ;             ;
; Report Minimum Timing Checks                                        ; Off                ;      ;    ;             ;
; Use Fast Timing Models                                              ; Off                ;      ;    ;             ;
; Report IO Paths Separately                                          ; Off                ;      ;    ;             ;
; Perform Multicorner Analysis                                        ; On                 ;      ;    ;             ;
; Reports the worst-case path for each clock domain and analysis      ; Off                ;      ;    ;             ;
; Removes common clock path pessimism (CCPP) during slack computation ; Off                ;      ;    ;             ;
; Output I/O Timing Endpoint                                          ; Near End           ;      ;    ;             ;
+---------------------------------------------------------------------+--------------------+------+----+-------------+


Parallel compilation was disabled, but you have multiple processors available. Enable parallel compilation to reduce compilation time.
+-------------------------------------+
; Parallel Compilation                ;
+----------------------------+--------+
; Processors                 ; Number ;
+----------------------------+--------+
; Number detected on machine ; 4      ;
; Maximum allowed            ; 1      ;
+----------------------------+--------+


+--------------------------------------------------------------------+
; tpd                                                                ;
+-------+-------------------+-----------------+------+---------------+
; Slack ; Required P2P Time ; Actual P2P Time ; From ; To            ;
+-------+-------------------+-----------------+------+---------------+
; N/A   ; None              ; 10.069 ns       ; A2   ; isDivisible11 ;
; N/A   ; None              ; 10.054 ns       ; A2   ; isDivisibel3  ;
; N/A   ; None              ; 9.992 ns        ; A1   ; isDivisibel3  ;
; N/A   ; None              ; 9.946 ns        ; C2   ; isDivisible11 ;
; N/A   ; None              ; 9.931 ns        ; C2   ; isDivisibel3  ;
; N/A   ; None              ; 9.880 ns        ; C3   ; isDivisibel3  ;
; N/A   ; None              ; 9.875 ns        ; A1   ; isDivisible11 ;
; N/A   ; None              ; 9.826 ns        ; B2   ; isDivisible11 ;
; N/A   ; None              ; 9.811 ns        ; B2   ; isDivisibel3  ;
; N/A   ; None              ; 9.714 ns        ; C1   ; isDivisibel3  ;
; N/A   ; None              ; 9.684 ns        ; A3   ; isDivisibel3  ;
; N/A   ; None              ; 9.674 ns        ; B3   ; isDivisibel3  ;
; N/A   ; None              ; 9.605 ns        ; C3   ; isDivisible11 ;
; N/A   ; None              ; 9.597 ns        ; C1   ; isDivisible11 ;
; N/A   ; None              ; 9.581 ns        ; C0   ; isDivisibel3  ;
; N/A   ; None              ; 9.567 ns        ; B1   ; isDivisibel3  ;
; N/A   ; None              ; 9.523 ns        ; D3   ; isDivisibel3  ;
; N/A   ; None              ; 9.499 ns        ; D2   ; isDivisible11 ;
; N/A   ; None              ; 9.484 ns        ; D2   ; isDivisibel3  ;
; N/A   ; None              ; 9.477 ns        ; D1   ; isDivisibel3  ;
; N/A   ; None              ; 9.473 ns        ; C0   ; isDivisible11 ;
; N/A   ; None              ; 9.467 ns        ; D0   ; isDivisibel3  ;
; N/A   ; None              ; 9.450 ns        ; B1   ; isDivisible11 ;
; N/A   ; None              ; 9.409 ns        ; A3   ; isDivisible11 ;
; N/A   ; None              ; 9.399 ns        ; B3   ; isDivisible11 ;
; N/A   ; None              ; 9.384 ns        ; A0   ; isDivisibel3  ;
; N/A   ; None              ; 9.360 ns        ; D1   ; isDivisible11 ;
; N/A   ; None              ; 9.359 ns        ; D0   ; isDivisible11 ;
; N/A   ; None              ; 9.276 ns        ; A0   ; isDivisible11 ;
; N/A   ; None              ; 9.248 ns        ; D3   ; isDivisible11 ;
; N/A   ; None              ; 9.201 ns        ; B0   ; isDivisibel3  ;
; N/A   ; None              ; 9.093 ns        ; B0   ; isDivisible11 ;
+-------+-------------------+-----------------+------+---------------+


+--------------------------+
; Timing Analyzer Messages ;
+--------------------------+
Info: *******************************************************************
Info: Running Quartus II Classic Timing Analyzer
    Info: Version 9.0 Build 132 02/25/2009 SJ Web Edition
    Info: Processing started: Fri Jul 22 18:11:11 2022
Info: Command: quartus_tan --read_settings_files=off --write_settings_files=off main -c main --timing_analysis_only
Info: Longest tpd from source pin "A2" to destination pin "isDivisible11" is 10.069 ns
    Info: 1: + IC(0.000 ns) + CELL(0.810 ns) = 0.810 ns; Loc. = PIN_R3; Fanout = 1; PIN Node = 'A2'
    Info: 2: + IC(4.800 ns) + CELL(0.228 ns) = 5.838 ns; Loc. = LCCOMB_X19_Y17_N10; Fanout = 2; COMB Node = 'check11:inst8|inst1~0'
    Info: 3: + IC(0.250 ns) + CELL(0.346 ns) = 6.434 ns; Loc. = LCCOMB_X19_Y17_N8; Fanout = 1; COMB Node = 'check11:inst8|inst1~1'
    Info: 4: + IC(1.683 ns) + CELL(1.952 ns) = 10.069 ns; Loc. = PIN_U12; Fanout = 0; PIN Node = 'isDivisible11'
    Info: Total cell delay = 3.336 ns ( 33.13 % )
    Info: Total interconnect delay = 6.733 ns ( 66.87 % )
Info: Quartus II Classic Timing Analyzer was successful. 0 errors, 0 warnings
    Info: Peak virtual memory: 182 megabytes
    Info: Processing ended: Fri Jul 22 18:11:11 2022
    Info: Elapsed time: 00:00:00
    Info: Total CPU time (on all processors): 00:00:00


