Classic Timing Analyzer report for seq_comp
Wed Aug 10 14:41:12 2022
Quartus II Version 9.0 Build 132 02/25/2009 SJ Web Edition


---------------------
; Table of Contents ;
---------------------
  1. Legal Notice
  2. Timing Analyzer Summary
  3. Timing Analyzer Settings
  4. Clock Settings Summary
  5. Parallel Compilation
  6. tco
  7. tpd
  8. Timing Analyzer Messages



----------------
; Legal Notice ;
----------------
Copyright (C) 1991-2009 Altera Corporation
Your use of Altera Corporation's design tools, logic functions 
and other software and tools, and its AMPP partner logic 
functions, and any output files from any of the foregoing 
(including device programming or simulation files), and any 
associated documentation or information are expressly subject 
to the terms and conditions of the Altera Program License 
Subscription Agreement, Altera MegaCore Function License 
Agreement, or other applicable license agreement, including, 
without limitation, that your use is for the sole purpose of 
programming logic devices manufactured by Altera and sold by 
Altera or its authorized distributors.  Please refer to the 
applicable agreement for further details.



+--------------------------------------------------------------------------------------------------------------------------+
; Timing Analyzer Summary                                                                                                  ;
+------------------------------+-------+---------------+-------------+---------+----+------------+----------+--------------+
; Type                         ; Slack ; Required Time ; Actual Time ; From    ; To ; From Clock ; To Clock ; Failed Paths ;
+------------------------------+-------+---------------+-------------+---------+----+------------+----------+--------------+
; Worst-case tco               ; N/A   ; None          ; 25.800 ns   ; Q_ff1~3 ; gt ; A          ; --       ; 0            ;
; Worst-case tpd               ; N/A   ; None          ; 14.500 ns   ; A       ; gt ; --         ; --       ; 0            ;
; Total number of failed paths ;       ;               ;             ;         ;    ;            ;          ; 0            ;
+------------------------------+-------+---------------+-------------+---------+----+------------+----------+--------------+


+--------------------------------------------------------------------------------------------------------------------+
; Timing Analyzer Settings                                                                                           ;
+---------------------------------------------------------------------+--------------------+------+----+-------------+
; Option                                                              ; Setting            ; From ; To ; Entity Name ;
+---------------------------------------------------------------------+--------------------+------+----+-------------+
; Device Name                                                         ; EP1K100QC208-3     ;      ;    ;             ;
; Timing Models                                                       ; Final              ;      ;    ;             ;
; Default hold multicycle                                             ; Same as Multicycle ;      ;    ;             ;
; Cut paths between unrelated clock domains                           ; On                 ;      ;    ;             ;
; Cut off read during write signal paths                              ; On                 ;      ;    ;             ;
; Cut off feedback from I/O pins                                      ; On                 ;      ;    ;             ;
; Report Combined Fast/Slow Timing                                    ; Off                ;      ;    ;             ;
; Ignore Clock Settings                                               ; Off                ;      ;    ;             ;
; Analyze latches as synchronous elements                             ; On                 ;      ;    ;             ;
; Enable Recovery/Removal analysis                                    ; Off                ;      ;    ;             ;
; Enable Clock Latency                                                ; Off                ;      ;    ;             ;
; Use TimeQuest Timing Analyzer                                       ; Off                ;      ;    ;             ;
; Minimum Core Junction Temperature                                   ; 0                  ;      ;    ;             ;
; Maximum Core Junction Temperature                                   ; 85                 ;      ;    ;             ;
; Number of source nodes to report per destination node               ; 10                 ;      ;    ;             ;
; Number of destination nodes to report                               ; 10                 ;      ;    ;             ;
; Number of paths to report                                           ; 200                ;      ;    ;             ;
; Report Minimum Timing Checks                                        ; Off                ;      ;    ;             ;
; Use Fast Timing Models                                              ; Off                ;      ;    ;             ;
; Report IO Paths Separately                                          ; Off                ;      ;    ;             ;
; Perform Multicorner Analysis                                        ; Off                ;      ;    ;             ;
; Reports the worst-case path for each clock domain and analysis      ; Off                ;      ;    ;             ;
; Removes common clock path pessimism (CCPP) during slack computation ; Off                ;      ;    ;             ;
; Output I/O Timing Endpoint                                          ; Near End           ;      ;    ;             ;
+---------------------------------------------------------------------+--------------------+------+----+-------------+


+------------------------------------------------------------------------------------------------------------------------------------------------------------------------------------+
; Clock Settings Summary                                                                                                                                                             ;
+-----------------+--------------------+----------+------------------+---------------+--------------+----------+-----------------------+---------------------+--------+--------------+
; Clock Node Name ; Clock Setting Name ; Type     ; Fmax Requirement ; Early Latency ; Late Latency ; Based on ; Multiply Base Fmax by ; Divide Base Fmax by ; Offset ; Phase offset ;
+-----------------+--------------------+----------+------------------+---------------+--------------+----------+-----------------------+---------------------+--------+--------------+
; reset           ;                    ; User Pin ; None             ; 0.000 ns      ; 0.000 ns     ; --       ; N/A                   ; N/A                 ; N/A    ;              ;
; B               ;                    ; User Pin ; None             ; 0.000 ns      ; 0.000 ns     ; --       ; N/A                   ; N/A                 ; N/A    ;              ;
; A               ;                    ; User Pin ; None             ; 0.000 ns      ; 0.000 ns     ; --       ; N/A                   ; N/A                 ; N/A    ;              ;
; clk             ;                    ; User Pin ; None             ; 0.000 ns      ; 0.000 ns     ; --       ; N/A                   ; N/A                 ; N/A    ;              ;
+-----------------+--------------------+----------+------------------+---------------+--------------+----------+-----------------------+---------------------+--------+--------------+


Parallel compilation was disabled, but you have multiple processors available. Enable parallel compilation to reduce compilation time.
+-------------------------------------+
; Parallel Compilation                ;
+----------------------------+--------+
; Processors                 ; Number ;
+----------------------------+--------+
; Number detected on machine ; 4      ;
; Maximum allowed            ; 1      ;
+----------------------------+--------+


+---------------------------------------------------------------+
; tco                                                           ;
+-------+--------------+------------+---------+----+------------+
; Slack ; Required tco ; Actual tco ; From    ; To ; From Clock ;
+-------+--------------+------------+---------+----+------------+
; N/A   ; None         ; 25.800 ns  ; Q_ff1~3 ; gt ; A          ;
; N/A   ; None         ; 25.600 ns  ; Q_ff1~3 ; gt ; B          ;
; N/A   ; None         ; 25.200 ns  ; Q_ff1~3 ; eq ; A          ;
; N/A   ; None         ; 25.000 ns  ; Q_ff1~3 ; eq ; B          ;
; N/A   ; None         ; 24.600 ns  ; Q_ff1~3 ; lt ; A          ;
; N/A   ; None         ; 24.400 ns  ; Q_ff1~3 ; lt ; B          ;
; N/A   ; None         ; 24.100 ns  ; Q_ff1~3 ; gt ; reset      ;
; N/A   ; None         ; 24.000 ns  ; Q_ff1~3 ; gt ; clk        ;
; N/A   ; None         ; 23.500 ns  ; Q_ff1~3 ; eq ; reset      ;
; N/A   ; None         ; 23.400 ns  ; Q_ff1~3 ; eq ; clk        ;
; N/A   ; None         ; 22.900 ns  ; Q_ff1~3 ; lt ; reset      ;
; N/A   ; None         ; 22.800 ns  ; Q_ff1~3 ; lt ; clk        ;
; N/A   ; None         ; 17.500 ns  ; Q_ff2~3 ; gt ; reset      ;
; N/A   ; None         ; 17.200 ns  ; Q_ff2~3 ; eq ; reset      ;
; N/A   ; None         ; 16.500 ns  ; Q_ff2~3 ; lt ; reset      ;
+-------+--------------+------------+---------+----+------------+


+---------------------------------------------------------+
; tpd                                                     ;
+-------+-------------------+-----------------+------+----+
; Slack ; Required P2P Time ; Actual P2P Time ; From ; To ;
+-------+-------------------+-----------------+------+----+
; N/A   ; None              ; 14.500 ns       ; A    ; gt ;
; N/A   ; None              ; 14.000 ns       ; B    ; gt ;
; N/A   ; None              ; 13.600 ns       ; A    ; eq ;
; N/A   ; None              ; 13.400 ns       ; B    ; lt ;
; N/A   ; None              ; 13.400 ns       ; B    ; eq ;
; N/A   ; None              ; 12.900 ns       ; A    ; lt ;
+-------+-------------------+-----------------+------+----+


+--------------------------+
; Timing Analyzer Messages ;
+--------------------------+
Info: *******************************************************************
Info: Running Quartus II Classic Timing Analyzer
    Info: Version 9.0 Build 132 02/25/2009 SJ Web Edition
    Info: Processing started: Wed Aug 10 14:41:12 2022
Info: Command: quartus_tan --read_settings_files=off --write_settings_files=off seq_comp -c seq_comp
Info: Started post-fitting delay annotation
Info: Delay annotation completed successfully
Warning: Timing Analysis is analyzing one or more combinational loops as latches
    Warning: Node "Q_ff1~3" is a latch
    Warning: Node "Q_ff2~3" is a latch
Warning: Found combinational loop of 3 nodes
    Warning: Node "R_ff1~2"
    Warning: Node "R_ff1~1"
    Warning: Node "S_ff1~2"
Warning: Found combinational loop of 3 nodes
    Warning: Node "R_ff2~2"
    Warning: Node "R_ff2~1"
    Warning: Node "S_ff2~2"
Warning: Found pins functioning as undefined clocks and/or memory enables
    Info: Assuming node "reset" is a latch enable and/or memory write/read enable. Will not compute fmax for this pin.
    Info: Assuming node "B" is a latch enable and/or memory write/read enable. Will not compute fmax for this pin.
    Info: Assuming node "A" is a latch enable and/or memory write/read enable. Will not compute fmax for this pin.
    Info: Assuming node "clk" is a latch enable and/or memory write/read enable. Will not compute fmax for this pin.
Warning: Found 3 node(s) in clock paths which may be acting as ripple and/or gated clocks -- node(s) analyzed as buffer(s) resulting in clock skew
    Info: Detected ripple clock "Q_ff1~3" as buffer
    Info: Detected gated clock "D_ff1~5" as buffer
    Info: Detected gated clock "R_ff1~1" as buffer
Info: tco from clock "A" to destination pin "gt" through register "Q_ff1~3" is 25.800 ns
    Info: + Longest clock path from clock "A" to source register is 11.900 ns
        Info: 1: + IC(0.000 ns) + CELL(0.500 ns) = 0.500 ns; Loc. = PIN_182; Fanout = 5; CLK Node = 'A'
        Info: 2: + IC(1.800 ns) + CELL(1.900 ns) = 4.200 ns; Loc. = LC2_G36; Fanout = 3; COMB Node = 'D_ff1~5'
        Info: 3: + IC(0.000 ns) + CELL(5.800 ns) = 10.000 ns; Loc. = LC5_G46; Fanout = 2; COMB LOOP Node = 'R_ff1~1'
            Info: Loc. = LC4_G46; Node "S_ff1~2"
            Info: Loc. = LC5_G46; Node "R_ff1~1"
            Info: Loc. = LC3_G46; Node "R_ff1~2"
        Info: 4: + IC(0.200 ns) + CELL(1.700 ns) = 11.900 ns; Loc. = LC1_G46; Fanout = 4; REG Node = 'Q_ff1~3'
        Info: Total cell delay = 9.900 ns ( 83.19 % )
        Info: Total interconnect delay = 2.000 ns ( 16.81 % )
    Info: + Micro clock to output delay of source is 0.000 ns
    Info: + Longest register to pin delay is 13.900 ns
        Info: 1: + IC(0.000 ns) + CELL(0.000 ns) = 0.000 ns; Loc. = LC1_G46; Fanout = 4; REG Node = 'Q_ff1~3'
        Info: 2: + IC(1.900 ns) + CELL(2.000 ns) = 3.900 ns; Loc. = LC8_G36; Fanout = 1; COMB Node = 'eq~1'
        Info: 3: + IC(1.500 ns) + CELL(8.500 ns) = 13.900 ns; Loc. = PIN_63; Fanout = 0; PIN Node = 'gt'
        Info: Total cell delay = 10.500 ns ( 75.54 % )
        Info: Total interconnect delay = 3.400 ns ( 24.46 % )
Info: Longest tpd from source pin "A" to destination pin "gt" is 14.500 ns
    Info: 1: + IC(0.000 ns) + CELL(0.500 ns) = 0.500 ns; Loc. = PIN_182; Fanout = 5; CLK Node = 'A'
    Info: 2: + IC(1.800 ns) + CELL(2.200 ns) = 4.500 ns; Loc. = LC8_G36; Fanout = 1; COMB Node = 'eq~1'
    Info: 3: + IC(1.500 ns) + CELL(8.500 ns) = 14.500 ns; Loc. = PIN_63; Fanout = 0; PIN Node = 'gt'
    Info: Total cell delay = 11.200 ns ( 77.24 % )
    Info: Total interconnect delay = 3.300 ns ( 22.76 % )
Info: Quartus II Classic Timing Analyzer was successful. 0 errors, 13 warnings
    Info: Peak virtual memory: 184 megabytes
    Info: Processing ended: Wed Aug 10 14:41:12 2022
    Info: Elapsed time: 00:00:00
    Info: Total CPU time (on all processors): 00:00:00


